{
  "stats": {
    "suites": 2,
    "tests": 3,
    "passes": 3,
    "pending": 0,
    "failures": 0,
    "start": "2020-05-18T12:40:09.102Z",
    "end": "2020-05-18T12:43:24.056Z",
    "duration": 194954,
    "testsRegistered": 3,
    "passPercent": 100,
    "pendingPercent": 0,
    "other": 0,
    "hasOther": false,
    "skipped": 0,
    "hasSkipped": false
  },
  "results": [
    {
      "uuid": "7ce20221-0199-4ebd-9f30-06efc21aa5ea",
      "title": "",
      "fullFile": "cypress\\integration\\tutorial\\order.spec.js",
      "file": "cypress\\integration\\tutorial\\order.spec.js",
      "beforeHooks": [],
      "afterHooks": [],
      "tests": [],
      "suites": [
        {
          "uuid": "43ec4aba-05ff-4d22-b868-111ab215d59b",
          "title": "Login",
          "fullFile": "",
          "file": "",
          "beforeHooks": [],
          "afterHooks": [],
          "tests": [
            {
              "title": "valid login test",
              "fullTitle": "Login valid login test",
              "timedOut": null,
              "duration": 49134,
              "state": "passed",
              "speed": "slow",
              "pass": true,
              "fail": false,
              "pending": false,
              "context": null,
              "code": "validLoginTest();",
              "err": {},
              "uuid": "d261d09b-70c3-4aa1-ab8e-f674202e3acd",
              "parentUUID": "43ec4aba-05ff-4d22-b868-111ab215d59b",
              "isHook": false,
              "skipped": false
            },
            {
              "title": "invalid login test",
              "fullTitle": "Login invalid login test",
              "timedOut": null,
              "duration": 16890,
              "state": "passed",
              "speed": "slow",
              "pass": true,
              "fail": false,
              "pending": false,
              "context": null,
              "code": "invalidLoginTest();",
              "err": {},
              "uuid": "89742327-b93f-42ec-9ed7-cf60324d6bc9",
              "parentUUID": "43ec4aba-05ff-4d22-b868-111ab215d59b",
              "isHook": false,
              "skipped": false
            }
          ],
          "suites": [],
          "passes": [
            "d261d09b-70c3-4aa1-ab8e-f674202e3acd",
            "89742327-b93f-42ec-9ed7-cf60324d6bc9"
          ],
          "failures": [],
          "pending": [],
          "skipped": [],
          "duration": 66024,
          "root": false,
          "rootEmpty": false,
          "_timeout": 2000
        },
        {
          "uuid": "d34d2155-60e2-44b9-81e5-303c2695e029",
          "title": "Order",
          "fullFile": "",
          "file": "",
          "beforeHooks": [],
          "afterHooks": [],
          "tests": [
            {
              "title": "checkout",
              "fullTitle": "Order checkout",
              "timedOut": null,
              "duration": 120110,
              "state": "passed",
              "speed": "slow",
              "pass": true,
              "fail": false,
              "pending": false,
              "context": null,
              "code": "checkout();",
              "err": {},
              "uuid": "0e3615dd-f0eb-49f9-a98b-abfb2cc3bf38",
              "parentUUID": "d34d2155-60e2-44b9-81e5-303c2695e029",
              "isHook": false,
              "skipped": false
            }
          ],
          "suites": [],
          "passes": [
            "0e3615dd-f0eb-49f9-a98b-abfb2cc3bf38"
          ],
          "failures": [],
          "pending": [],
          "skipped": [],
          "duration": 120110,
          "root": false,
          "rootEmpty": false,
          "_timeout": 2000
        }
      ],
      "passes": [],
      "failures": [],
      "pending": [],
      "skipped": [],
      "duration": 0,
      "root": true,
      "rootEmpty": true,
      "_timeout": 2000
    }
  ],
  "meta": {
    "mocha": {
      "version": "7.0.1"
    },
    "mochawesome": {
      "options": {
        "quiet": false,
        "reportFilename": "mochawesome",
        "saveHtml": true,
        "saveJson": true,
        "consoleReporter": "spec",
        "useInlineDiffs": false,
        "code": true
      },
      "version": "6.1.1"
    },
    "marge": {
      "options": {},
      "version": "5.1.0"
    }
  }
}